# JRE version: Java(TM) SE Runtime Environment (8.0_102-b14) (build 1.8.0_102-b14)
# Java VM: Java HotSpot(TM) 64-Bit Server VM (25.102-b14 mixed mode windows-amd64 compressed oops)
Heap:
 PSYoungGen      total 57344K, used 952K [0x0000000780600000, 0x0000000784600000, 0x00000007c0000000)
  eden space 49152K, 1% used [0x0000000780600000,0x00000007806ee0f0,0x0000000783600000)
  from space 8192K, 0% used [0x0000000783e00000,0x0000000783e00000,0x0000000784600000)
  to   space 8192K, 0% used [0x0000000783600000,0x0000000783600000,0x0000000783e00000)
 ParOldGen       total 131072K, used 8894K [0x0000000701200000, 0x0000000709200000, 0x0000000780600000)
  object space 131072K, 6% used [0x0000000701200000,0x0000000701aafa68,0x0000000709200000)
 Metaspace       used 15453K, capacity 15786K, committed 15872K, reserved 1062912K
  class space    used 1922K, capacity 2013K, committed 2048K, reserved 1048576K
GC Heap History (6 events):
Event: 1.290 GC heap before
{Heap before GC invocations=1 (full 0):
 PSYoungGen      total 57344K, used 49152K [0x0000000780600000, 0x0000000784600000, 0x00000007c0000000)
  eden space 49152K, 100% used [0x0000000780600000,0x0000000783600000,0x0000000783600000)
  from space 8192K, 0% used [0x0000000783e00000,0x0000000783e00000,0x0000000784600000)
  to   space 8192K, 0% used [0x0000000783600000,0x0000000783600000,0x0000000783e00000)
 ParOldGen       total 131072K, used 0K [0x0000000701200000, 0x0000000709200000, 0x0000000780600000)
  object space 131072K, 0% used [0x0000000701200000,0x0000000701200000,0x0000000709200000)
 Metaspace       used 9705K, capacity 9936K, committed 9984K, reserved 1058816K
  class space    used 1194K, capacity 1249K, committed 1280K, reserved 1048576K
Event: 1.300 GC heap after
Heap after GC invocations=1 (full 0):
 PSYoungGen      total 57344K, used 7048K [0x0000000780600000, 0x0000000784600000, 0x00000007c0000000)
  eden space 49152K, 0% used [0x0000000780600000,0x0000000780600000,0x0000000783600000)
  from space 8192K, 86% used [0x0000000783600000,0x0000000783ce2010,0x0000000783e00000)
  to   space 8192K, 0% used [0x0000000783e00000,0x0000000783e00000,0x0000000784600000)
 ParOldGen       total 131072K, used 16K [0x0000000701200000, 0x0000000709200000, 0x0000000780600000)
  object space 131072K, 0% used [0x0000000701200000,0x0000000701204000,0x0000000709200000)
 Metaspace       used 9705K, capacity 9936K, committed 9984K, reserved 1058816K
  class space    used 1194K, capacity 1249K, committed 1280K, reserved 1048576K
}
Event: 2.473 GC heap before
{Heap before GC invocations=2 (full 0):
 PSYoungGen      total 57344K, used 54342K [0x0000000780600000, 0x0000000784600000, 0x00000007c0000000)
  eden space 49152K, 96% used [0x0000000780600000,0x000000078342f918,0x0000000783600000)
  from space 8192K, 86% used [0x0000000783600000,0x0000000783ce2010,0x0000000783e00000)
  to   space 8192K, 0% used [0x0000000783e00000,0x0000000783e00000,0x0000000784600000)
 ParOldGen       total 131072K, used 16K [0x0000000701200000, 0x0000000709200000, 0x0000000780600000)
  object space 131072K, 0% used [0x0000000701200000,0x0000000701204000,0x0000000709200000)
 Metaspace       used 15453K, capacity 15786K, committed 15872K, reserved 1062912K
  class space    used 1922K, capacity 2013K, committed 2048K, reserved 1048576K
Event: 2.499 GC heap after
Heap after GC invocations=2 (full 0):
 PSYoungGen      total 57344K, used 8174K [0x0000000780600000, 0x0000000784600000, 0x00000007c0000000)
  eden space 49152K, 0% used [0x0000000780600000,0x0000000780600000,0x0000000783600000)
  from space 8192K, 99% used [0x0000000783e00000,0x00000007845fba08,0x0000000784600000)
  to   space 8192K, 0% used [0x0000000783600000,0x0000000783600000,0x0000000783e00000)
 ParOldGen       total 131072K, used 1064K [0x0000000701200000, 0x0000000709200000, 0x0000000780600000)
  object space 131072K, 0% used [0x0000000701200000,0x000000070130a2c0,0x0000000709200000)
 Metaspace       used 15453K, capacity 15786K, committed 15872K, reserved 1062912K
  class space    used 1922K, capacity 2013K, committed 2048K, reserved 1048576K
}
Event: 2.499 GC heap before
{Heap before GC invocations=3 (full 1):
 PSYoungGen      total 57344K, used 8174K [0x0000000780600000, 0x0000000784600000, 0x00000007c0000000)
  eden space 49152K, 0% used [0x0000000780600000,0x0000000780600000,0x0000000783600000)
  from space 8192K, 99% used [0x0000000783e00000,0x00000007845fba08,0x0000000784600000)
  to   space 8192K, 0% used [0x0000000783600000,0x0000000783600000,0x0000000783e00000)
 ParOldGen       total 131072K, used 1064K [0x0000000701200000, 0x0000000709200000, 0x0000000780600000)
  object space 131072K, 0% used [0x0000000701200000,0x000000070130a2c0,0x0000000709200000)
 Metaspace       used 15453K, capacity 15786K, committed 15872K, reserved 1062912K
  class space    used 1922K, capacity 2013K, committed 2048K, reserved 1048576K
Event: 2.542 GC heap after
Heap after GC invocations=3 (full 1):
 PSYoungGen      total 57344K, used 0K [0x0000000780600000, 0x0000000784600000, 0x00000007c0000000)
  eden space 49152K, 0% used [0x0000000780600000,0x0000000780600000,0x0000000783600000)
  from space 8192K, 0% used [0x0000000783e00000,0x0000000783e00000,0x0000000784600000)
  to   space 8192K, 0% used [0x0000000783600000,0x0000000783600000,0x0000000783e00000)
 ParOldGen       total 131072K, used 8894K [0x0000000701200000, 0x0000000709200000, 0x0000000780600000)
  object space 131072K, 6% used [0x0000000701200000,0x0000000701aafa68,0x0000000709200000)
 Metaspace       used 15453K, capacity 15786K, committed 15872K, reserved 1062912K
  class space    used 1922K, capacity 2013K, committed 2048K, reserved 1048576K
}

